<?xml version="1.0" encoding="UTF-8"?>
<!-- Generated by org.testng.reporters.JUnitReportReporter -->
<testsuite hostname="INLPF3L43V4" failures="0" tests="2" name="udemytestng.day1" time="0.007" errors="0" timestamp="2024-09-23T17:29:50 IST" skipped="0">
  <testcase classname="udemytestng.day1" name="rama" time="0.002"/>
  <system-out/>
  <testcase classname="udemytestng.day1" name="krishna" time="0.005"/>
  <system-out/>
</testsuite> <!-- udemytestng.day1 -->
