<?xml version="1.0" encoding="UTF-8"?>
<!-- Generated by org.testng.reporters.JUnitReportReporter -->
<testsuite hostname="INLPF3L43V4" failures="0" tests="7" name="udemytestng.day3" time="0.015" errors="0" timestamp="2024-09-23T17:29:50 IST" skipped="1">
  <testcase classname="udemytestng.day3" name="mobileSignInHomeLoan" time="0.001"/>
  <system-out/>
  <testcase classname="udemytestng.day3" name="mobileSignInHomeLoan" time="0.008"/>
  <system-out/>
  <testcase classname="udemytestng.day3" name="mobileSignInHomeLoan" time="0.002"/>
  <system-out/>
  <testcase classname="udemytestng.day3" name="mobileLoginHomeLoan" time="0.001"/>
  <system-out/>
  <testcase classname="udemytestng.day3" name="webloginHomeLoan" time="0.002"/>
  <system-out/>
  <testcase classname="udemytestng.day3" name="ApiLoginHomeLoan" time="0.001"/>
  <system-out/>
  <testcase classname="udemytestng.day3" name="mobileSignOutHomeLoan">
    <skipped/>
  </testcase> <!-- mobileSignOutHomeLoan -->
  <system-out/>
</testsuite> <!-- udemytestng.day3 -->
