<?xml version="1.0" encoding="UTF-8"?>
<!-- Generated by org.testng.reporters.JUnitReportReporter -->
<testsuite hostname="INLPF3L43V4" failures="0" tests="3" name="udemytestng.day4" time="0.002" errors="0" timestamp="2024-09-23T17:29:50 IST" skipped="0">
  <testcase classname="udemytestng.day4" name="mobileLoginCarLoan" time="0.001"/>
  <system-out/>
  <testcase classname="udemytestng.day4" name="loginApiCarLoan" time="0.001"/>
  <system-out/>
  <testcase classname="udemytestng.day4" name="webloginCarLoan" time="0.000"/>
  <system-out/>
</testsuite> <!-- udemytestng.day4 -->
