<?xml version="1.0" encoding="UTF-8"?>
<!-- Generated by org.testng.reporters.JUnitReportReporter -->
<testsuite hostname="INLPF3L43V4" failures="0" tests="2" name="udemytestng.day2" time="0.003" errors="0" timestamp="2024-09-23T17:29:50 IST" skipped="0">
  <testcase classname="udemytestng.day2" name="radhe" time="0.002"/>
  <system-out/>
  <testcase classname="udemytestng.day2" name="shyam" time="0.001"/>
  <system-out/>
</testsuite> <!-- udemytestng.day2 -->
