<?xml version="1.0" encoding="UTF-8"?>
<!-- Generated by org.testng.reporters.JUnitReportReporter -->
<testsuite hostname="INLPF3L43V4" failures="0" tests="1" name="udemytestng.PS1" time="0.025" errors="0" timestamp="2024-09-25T21:45:45 IST" skipped="0">
  <testcase classname="udemytestng.PS1" name="testRun" time="0.025"/>
  <system-out/>
</testsuite> <!-- udemytestng.PS1 -->
